<?xml version="1.0" encoding="UTF-8"?>
<testsuite xmlns:xsi="http://www.w3.org/2001/XMLSchema-instance" xsi:noNamespaceSchemaLocation="https://maven.apache.org/surefire/maven-surefire-plugin/xsd/surefire-test-report-3.0.xsd" version="3.0" name="TestSuite" time="2.303" tests="45" errors="0" skipped="0" failures="4">
  <properties>
[...]
</properties>
  <testcase name="sumTestDouble[12.21 21.12, 33.33](1)" classname="hw1.SumTests" time="0.008"/>
  <testcase name="sumTestDouble[42.42 0.0, 42.42](2)" classname="hw1.SumTests" time="0.001"/>
  <testcase name="sumTestDouble[0.0 42.42, 42.42](3)" classname="hw1.SumTests" time="0.001"/>
  <testcase name="sumTestDouble[0.0 0.0, 0.0](4)" classname="hw1.SumTests" time="0.001"/>
  <testcase name="sumTestDouble[-42.42 42.42, 0.0](5)" classname="hw1.SumTests" time="0.001"/>
  <testcase name="sumTestLong[1234567890 9876543210, 11111111100](1)" classname="hw1.SumTests" time="0"/>
  <testcase name="sumTestLong[123123 0, 123123](2)" classname="hw1.SumTests" time="0"/>
  <testcase name="sumTestLong[0 321321, 321321](3)" classname="hw1.SumTests" time="0.001"/>
  <testcase name="sumTestLong[0 0, 0](4)" classname="hw1.SumTests" time="0"/>
  <testcase name="sumTestLong[-123456789 123456789, 0](5)" classname="hw1.SumTests" time="0.001"/>
  <testcase name="subTestDouble[12.21 21.12, -8.91](1)" classname="hw1.SubTests" time="0.001"/>
  <testcase name="subTestDouble[42.42 0.0, 42.42](2)" classname="hw1.SubTests" time="0.001"/>
  <testcase name="subTestDouble[0.0 42.42, -42.42](3)" classname="hw1.SubTests" time="0.001"/>
  <testcase name="subTestDouble[0.0 0.0, 0.0](4)" classname="hw1.SubTests" time="0.003"/>
  <testcase name="subTestDouble[42.42 42.42, 0.0](5)" classname="hw1.SubTests" time="0"/>
  <testcase name="subTestLong[9876543210 1234567890, 8641975320](1)" classname="hw1.SubTests" time="0.001"/>
  <testcase name="subTestLong[123123 0, 123123](2)" classname="hw1.SubTests" time="0"/>
  <testcase name="subTestLong[0 321321, -321321](3)" classname="hw1.SubTests" time="0"/>
  <testcase name="subTestLong[0 0, 0](4)" classname="hw1.SubTests" time="0.001"/>
  <testcase name="subTestLong[123456789 123456789, 0](5)" classname="hw1.SubTests" time="0"/>
  <testcase name="mulTestDouble[12.21 21.12, 257.8752](1)" classname="hw1.MulTests" time="0.009">
    <failure message="expected [257.0] but found [257.8752]" type="java.lang.AssertionError"><![CDATA[java.lang.AssertionError: expected [257.0] but found [257.8752]
	at hw1.MulTests.mulTestDouble(MulTests.java:48)
]]></failure>
  </testcase>
  <testcase name="mulTestDouble[42.42 0.0, 0.0](2)" classname="hw1.MulTests" time="0"/>
  <testcase name="mulTestDouble[0.0 42.42, 0.0](3)" classname="hw1.MulTests" time="0"/>
  <testcase name="mulTestDouble[0.0 0.0, 0.0](4)" classname="hw1.MulTests" time="0"/>
  <testcase name="mulTestDouble[-42.42 42.42, -1799.4564](5)" classname="hw1.MulTests" time="0">
    <failure message="expected [-1800.0] but found [-1799.4564]" type="java.lang.AssertionError"><![CDATA[java.lang.AssertionError: expected [-1800.0] but found [-1799.4564]
	at hw1.MulTests.mulTestDouble(MulTests.java:48)
]]></failure>
  </testcase>
  <testcase name="mulTestDouble[42.42 1, 42.42](6)" classname="hw1.MulTests" time="0.001">
    <failure message="expected [42.0] but found [42.42]" type="java.lang.AssertionError"><![CDATA[java.lang.AssertionError: expected [42.0] but found [42.42]
	at hw1.MulTests.mulTestDouble(MulTests.java:48)
]]></failure>
  </testcase>
  <testcase name="mulTestDouble[1 42.42, 42.42](7)" classname="hw1.MulTests" time="0.005">
    <failure message="expected [42.0] but found [42.42]" type="java.lang.AssertionError"><![CDATA[java.lang.AssertionError: expected [42.0] but found [42.42]
	at hw1.MulTests.mulTestDouble(MulTests.java:48)
]]></failure>
  </testcase>
  <testcase name="mulTestLong[123456 987654, 121931812224](1)" classname="hw1.MulTests" time="0.001"/>
  <testcase name="mulTestLong[123123 0, 0](2)" classname="hw1.MulTests" time="0"/>
  <testcase name="mulTestLong[0 321321, 0](3)" classname="hw1.MulTests" time="0.001"/>
  <testcase name="mulTestLong[0 0, 0](4)" classname="hw1.MulTests" time="0"/>
  <testcase name="mulTestLong[-123456789 123456789, -15241578750190521](5)" classname="hw1.MulTests" time="0"/>
  <testcase name="mulTestLong[123123 1, 123123](6)" classname="hw1.MulTests" time="0"/>
  <testcase name="mulTestLong[1 123123, 123123](7)" classname="hw1.MulTests" time="0"/>
  <testcase name="divTestDouble[21.12 0.5, 42.24](1)" classname="hw1.DivTests" time="0"/>
  <testcase name="divTestDouble[0.0 42.42, 0.0](2)" classname="hw1.DivTests" time="0"/>
  <testcase name="divTestDouble[-42.42 42.42, -1.0](3)" classname="hw1.DivTests" time="0"/>
  <testcase name="divTestDouble[42.42 -42.42, -1.0](4)" classname="hw1.DivTests" time="0"/>
  <testcase name="divTestDouble[42.42 1, 42.42](5)" classname="hw1.DivTests" time="0"/>
  <testcase name="divTestDouble[42.42 -1, -42.42](6)" classname="hw1.DivTests" time="0"/>
  <testcase name="divTestLong[1234567890 1234567890, 1](1)" classname="hw1.DivTests" time="0.001"/>
  <testcase name="divTestLong[0 321321, 0](2)" classname="hw1.DivTests" time="0.001"/>
  <testcase name="divTestLong[-123456789 123456789, -1](3)" classname="hw1.DivTests" time="0"/>
  <testcase name="divTestLong[123123123 1, 123123123](4)" classname="hw1.DivTests" time="0"/>
  <testcase name="divTestLong[123123123 -1, -123123123](5)" classname="hw1.DivTests" time="0.001"/>
</testsuite>